GPRStrack/slideDateTimePicker/build/intermediates/manifest_merge_blame_file/debug/manifest-merger-blame-debug-report.txt
1<?xml version="1.0" encoding="utf-8"?>
2<manifest xmlns:android="http://schemas.android.com/apk/res/android"
3    package="com.github.jjobes.slidedatetimepicker" >
4
5    <uses-sdk
5-->src\main\AndroidManifest.xml:7:5-9:41
6        android:minSdkVersion="21"
6-->src\main\AndroidManifest.xml:8:9-35
7        android:targetSdkVersion="32" />
7-->src\main\AndroidManifest.xml:9:9-38
8
9</manifest>